# JRE version: OpenJDK Runtime Environment (8.0_212-b04) (build 1.8.0_212-release-1586-b04)
# Java VM: OpenJDK 64-Bit Server VM (25.212-b04 mixed mode windows-amd64 compressed oops)
Heap:
 PSYoungGen      total 460288K, used 432314K [0x00000000e0000000, 0x00000000fff00000, 0x0000000100000000)
  eden space 398848K, 100% used [0x00000000e0000000,0x00000000f8580000,0x00000000f8580000)
  from space 61440K, 54% used [0x00000000f8580000,0x00000000fa62ea18,0x00000000fc180000)
  to   space 60928K, 62% used [0x00000000fc380000,0x00000000fe8eb6e8,0x00000000fff00000)
 ParOldGen       total 587776K, used 269669K [0x00000000a0000000, 0x00000000c3e00000, 0x00000000e0000000)
  object space 587776K, 45% used [0x00000000a0000000,0x00000000b07594e8,0x00000000c3e00000)
 Metaspace       used 304560K, capacity 314184K, committed 315544K, reserved 1329152K
  class space    used 34469K, capacity 36093K, committed 36272K, reserved 1048576K
GC Heap History (10 events):
Event: 2536.523 GC heap after
Heap after GC invocations=158 (full 11):
 PSYoungGen      total 436736K, used 38324K [0x00000000e0000000, 0x0000000100000000, 0x0000000100000000)
  eden space 398336K, 0% used [0x00000000e0000000,0x00000000e0000000,0x00000000f8500000)
  from space 38400K, 99% used [0x00000000f8500000,0x00000000faa6d1b0,0x00000000faa80000)
  to   space 64512K, 0% used [0x00000000fc100000,0x00000000fc100000,0x0000000100000000)
 ParOldGen       total 587776K, used 161988K [0x00000000a0000000, 0x00000000c3e00000, 0x00000000e0000000)
  object space 587776K, 27% used [0x00000000a0000000,0x00000000a9e31190,0x00000000c3e00000)
 Metaspace       used 297378K, capacity 306862K, committed 308376K, reserved 1323008K
  class space    used 33693K, capacity 35266K, committed 35504K, reserved 1048576K
}
Event: 2912.121 GC heap before
{Heap before GC invocations=159 (full 11):
 PSYoungGen      total 436736K, used 436660K [0x00000000e0000000, 0x0000000100000000, 0x0000000100000000)
  eden space 398336K, 100% used [0x00000000e0000000,0x00000000f8500000,0x00000000f8500000)
  from space 38400K, 99% used [0x00000000f8500000,0x00000000faa6d1b0,0x00000000faa80000)
  to   space 64512K, 0% used [0x00000000fc100000,0x00000000fc100000,0x0000000100000000)
 ParOldGen       total 587776K, used 161988K [0x00000000a0000000, 0x00000000c3e00000, 0x00000000e0000000)
  object space 587776K, 27% used [0x00000000a0000000,0x00000000a9e31190,0x00000000c3e00000)
 Metaspace       used 297387K, capacity 306862K, committed 308376K, reserved 1323008K
  class space    used 33693K, capacity 35266K, committed 35504K, reserved 1048576K
Event: 2912.139 GC heap after
Heap after GC invocations=159 (full 11):
 PSYoungGen      total 461824K, used 14095K [0x00000000e0000000, 0x0000000100000000, 0x0000000100000000)
  eden space 397312K, 0% used [0x00000000e0000000,0x00000000e0000000,0x00000000f8400000)
  from space 64512K, 21% used [0x00000000fc100000,0x00000000fcec3c60,0x0000000100000000)
  to   space 62464K, 0% used [0x00000000f8400000,0x00000000f8400000,0x00000000fc100000)
 ParOldGen       total 587776K, used 199105K [0x00000000a0000000, 0x00000000c3e00000, 0x00000000e0000000)
  object space 587776K, 33% used [0x00000000a0000000,0x00000000ac270568,0x00000000c3e00000)
 Metaspace       used 297387K, capacity 306862K, committed 308376K, reserved 1323008K
  class space    used 33693K, capacity 35266K, committed 35504K, reserved 1048576K
}
Event: 3239.975 GC heap before
{Heap before GC invocations=160 (full 11):
 PSYoungGen      total 461824K, used 411407K [0x00000000e0000000, 0x0000000100000000, 0x0000000100000000)
  eden space 397312K, 100% used [0x00000000e0000000,0x00000000f8400000,0x00000000f8400000)
  from space 64512K, 21% used [0x00000000fc100000,0x00000000fcec3c60,0x0000000100000000)
  to   space 62464K, 0% used [0x00000000f8400000,0x00000000f8400000,0x00000000fc100000)
 ParOldGen       total 587776K, used 199105K [0x00000000a0000000, 0x00000000c3e00000, 0x00000000e0000000)
  object space 587776K, 33% used [0x00000000a0000000,0x00000000ac270568,0x00000000c3e00000)
 Metaspace       used 297596K, capacity 307136K, committed 308760K, reserved 1323008K
  class space    used 33716K, capacity 35323K, committed 35632K, reserved 1048576K
Event: 3239.988 GC heap after
Heap after GC invocations=160 (full 11):
 PSYoungGen      total 459776K, used 35451K [0x00000000e0000000, 0x00000000fff00000, 0x0000000100000000)
  eden space 397312K, 0% used [0x00000000e0000000,0x00000000e0000000,0x00000000f8400000)
  from space 62464K, 56% used [0x00000000f8400000,0x00000000fa69ee10,0x00000000fc100000)
  to   space 62976K, 0% used [0x00000000fc180000,0x00000000fc180000,0x00000000fff00000)
 ParOldGen       total 587776K, used 202916K [0x00000000a0000000, 0x00000000c3e00000, 0x00000000e0000000)
  object space 587776K, 34% used [0x00000000a0000000,0x00000000ac629198,0x00000000c3e00000)
 Metaspace       used 297596K, capacity 307136K, committed 308760K, reserved 1323008K
  class space    used 33716K, capacity 35323K, committed 35632K, reserved 1048576K
}
Event: 3241.115 GC heap before
{Heap before GC invocations=161 (full 11):
 PSYoungGen      total 459776K, used 432763K [0x00000000e0000000, 0x00000000fff00000, 0x0000000100000000)
  eden space 397312K, 100% used [0x00000000e0000000,0x00000000f8400000,0x00000000f8400000)
  from space 62464K, 56% used [0x00000000f8400000,0x00000000fa69ee10,0x00000000fc100000)
  to   space 62976K, 0% used [0x00000000fc180000,0x00000000fc180000,0x00000000fff00000)
 ParOldGen       total 587776K, used 202916K [0x00000000a0000000, 0x00000000c3e00000, 0x00000000e0000000)
  object space 587776K, 34% used [0x00000000a0000000,0x00000000ac629198,0x00000000c3e00000)
 Metaspace       used 303251K, capacity 312844K, committed 314520K, reserved 1327104K
  class space    used 34362K, capacity 35965K, committed 36272K, reserved 1048576K
Event: 3241.129 GC heap after
Heap after GC invocations=161 (full 11):
 PSYoungGen      total 460288K, used 12214K [0x00000000e0000000, 0x00000000ffd80000, 0x0000000100000000)
  eden space 398848K, 0% used [0x00000000e0000000,0x00000000e0000000,0x00000000f8580000)
  from space 61440K, 19% used [0x00000000fc180000,0x00000000fcd6d870,0x00000000ffd80000)
  to   space 61440K, 0% used [0x00000000f8580000,0x00000000f8580000,0x00000000fc180000)
 ParOldGen       total 587776K, used 230576K [0x00000000a0000000, 0x00000000c3e00000, 0x00000000e0000000)
  object space 587776K, 39% used [0x00000000a0000000,0x00000000ae12c100,0x00000000c3e00000)
 Metaspace       used 303251K, capacity 312844K, committed 314520K, reserved 1327104K
  class space    used 34362K, capacity 35965K, committed 36272K, reserved 1048576K
}
Event: 3241.721 GC heap before
{Heap before GC invocations=162 (full 11):
 PSYoungGen      total 460288K, used 411062K [0x00000000e0000000, 0x00000000ffd80000, 0x0000000100000000)
  eden space 398848K, 100% used [0x00000000e0000000,0x00000000f8580000,0x00000000f8580000)
  from space 61440K, 19% used [0x00000000fc180000,0x00000000fcd6d870,0x00000000ffd80000)
  to   space 61440K, 0% used [0x00000000f8580000,0x00000000f8580000,0x00000000fc180000)
 ParOldGen       total 587776K, used 230576K [0x00000000a0000000, 0x00000000c3e00000, 0x00000000e0000000)
  object space 587776K, 39% used [0x00000000a0000000,0x00000000ae12c100,0x00000000c3e00000)
 Metaspace       used 304335K, capacity 313892K, committed 315288K, reserved 1329152K
  class space    used 34443K, capacity 36033K, committed 36272K, reserved 1048576K
Event: 3241.733 GC heap after
Heap after GC invocations=162 (full 11):
 PSYoungGen      total 460288K, used 33466K [0x00000000e0000000, 0x00000000fff00000, 0x0000000100000000)
  eden space 398848K, 0% used [0x00000000e0000000,0x00000000e0000000,0x00000000f8580000)
  from space 61440K, 54% used [0x00000000f8580000,0x00000000fa62ea18,0x00000000fc180000)
  to   space 60928K, 0% used [0x00000000fc380000,0x00000000fc380000,0x00000000fff00000)
 ParOldGen       total 587776K, used 237604K [0x00000000a0000000, 0x00000000c3e00000, 0x00000000e0000000)
  object space 587776K, 40% used [0x00000000a0000000,0x00000000ae809388,0x00000000c3e00000)
 Metaspace       used 304335K, capacity 313892K, committed 315288K, reserved 1329152K
  class space    used 34443K, capacity 36033K, committed 36272K, reserved 1048576K
}
Event: 3386.164 GC heap before
{Heap before GC invocations=163 (full 11):
 PSYoungGen      total 460288K, used 432314K [0x00000000e0000000, 0x00000000fff00000, 0x0000000100000000)
  eden space 398848K, 100% used [0x00000000e0000000,0x00000000f8580000,0x00000000f8580000)
  from space 61440K, 54% used [0x00000000f8580000,0x00000000fa62ea18,0x00000000fc180000)
  to   space 60928K, 0% used [0x00000000fc380000,0x00000000fc380000,0x00000000fff00000)
 ParOldGen       total 587776K, used 237604K [0x00000000a0000000, 0x00000000c3e00000, 0x00000000e0000000)
  object space 587776K, 40% used [0x00000000a0000000,0x00000000ae809388,0x00000000c3e00000)
 Metaspace       used 304560K, capacity 314184K, committed 315544K, reserved 1329152K
  class space    used 34469K, capacity 36093K, committed 36272K, reserved 1048576K

